<?xml version="1.0" encoding="UTF-8"?>
<coverage generated="1466663191">
  <project timestamp="1466663191">
    <package name="Zver">
      <file name="C:\OpenServer\domains\encoding\src\Zver/Encoding.php">
        <class name="Encoding" namespace="Zver" fullPackage="Zver" package="Zver">
          <metrics complexity="3" methods="2" coveredmethods="2" conditionals="0" coveredconditionals="0" statements="6" coveredstatements="6" elements="8" coveredelements="8"/>
        </class>
        <line num="41" type="method" name="set" visibility="public" complexity="2" crap="2" count="1"/>
        <line num="43" type="stmt" count="1"/>
        <line num="44" type="stmt" count="1"/>
        <line num="45" type="stmt" count="1"/>
        <line num="47" type="stmt" count="1"/>
        <line num="48" type="stmt" count="1"/>
        <line num="62" type="method" name="get" visibility="public" complexity="1" crap="1" count="1"/>
        <line num="64" type="stmt" count="1"/>
        <metrics loc="68" ncloc="27" classes="1" methods="2" coveredmethods="2" conditionals="0" coveredconditionals="0" statements="6" coveredstatements="6" elements="8" coveredelements="8"/>
      </file>
    </package>
    <package name="Zver\Exceptions\Encoding">
      <file name="C:\OpenServer\domains\encoding\src\Zver/Exceptions/Encoding/UnknownEncodingException.php">
        <class name="UnknownEncodingException" namespace="Zver\Exceptions\Encoding">
          <metrics complexity="0" methods="0" coveredmethods="0" conditionals="0" coveredconditionals="0" statements="0" coveredstatements="0" elements="0" coveredelements="0"/>
        </class>
        <metrics loc="9" ncloc="9" classes="1" methods="0" coveredmethods="0" conditionals="0" coveredconditionals="0" statements="0" coveredstatements="0" elements="0" coveredelements="0"/>
      </file>
    </package>
    <metrics files="2" loc="77" ncloc="36" classes="2" methods="2" coveredmethods="2" conditionals="0" coveredconditionals="0" statements="6" coveredstatements="6" elements="8" coveredelements="8"/>
  </project>
</coverage>
